00:58:44 **** Build of configuration Debug_x64 for project SonikLibraryAPI ****
mingw32-make all 
Building file: ../TimerClock/SonikElapsedTimer.cpp
Invoking: GCC C++ Compiler
clang++ -std=c++20 -D_DEBUG -D__cplusplus=202002L -D__SONIK_x86_64__=1 -D_WIN64 -I"D:\MyLibrary\include\Timer" -O0 -g3 -Wall -c -fmessage-length=0 -MMD -MP -MF"TimerClock/SonikElapsedTimer.d" -MT"TimerClock/SonikElapsedTimer.o" -o "TimerClock/SonikElapsedTimer.o" "../TimerClock/SonikElapsedTimer.cpp"
In file included from <built-in>:469:
<command line>:2:9: warning: redefining builtin macro [-Wbuiltin-macro-redefined]
    2 | #define __cplusplus 202002L
      |         ^
1 warning generated.
Finished building: ../TimerClock/SonikElapsedTimer.cpp
 
Building file: ../TimerClock/SonikElapsedTimer_x64.cpp
Invoking: GCC C++ Compiler
clang++ -std=c++20 -D_DEBUG -D__cplusplus=202002L -D__SONIK_x86_64__=1 -D_WIN64 -I"D:\MyLibrary\include\Timer" -O0 -g3 -Wall -c -fmessage-length=0 -MMD -MP -MF"TimerClock/SonikElapsedTimer_x64.d" -MT"TimerClock/SonikElapsedTimer_x64.o" -o "TimerClock/SonikElapsedTimer_x64.o" "../TimerClock/SonikElapsedTimer_x64.cpp"
In file included from <built-in>:469:
<command line>:2:9: warning: redefining builtin macro [-Wbuiltin-macro-redefined]
    2 | #define __cplusplus 202002L
      |         ^
1 warning generated.
Finished building: ../TimerClock/SonikElapsedTimer_x64.cpp
 
Building file: ../SonikWorkThread/SonikWorkThreadEx.cpp
Invoking: GCC C++ Compiler
clang++ -std=c++20 -D__SONIK_x86_64__=1 -D_DEBUG -D__cplusplus=202002L -D_WIN64 -I"D:\MyLibrary\include\Thread" -O0 -g3 -Wall -c -fmessage-length=0 -MMD -MP -MF"SonikWorkThread/SonikWorkThreadEx.d" -MT"SonikWorkThread/SonikWorkThreadEx.o" -o "SonikWorkThread/SonikWorkThreadEx.o" "../SonikWorkThread/SonikWorkThreadEx.cpp"
In file included from <built-in>:469:
<command line>:3:9: warning: redefining builtin macro [-Wbuiltin-macro-redefined]
    3 | #define __cplusplus 202002L
      |         ^
1 warning generated.
Finished building: ../SonikWorkThread/SonikWorkThreadEx.cpp
 
Building file: ../SonikWorkThread/SonikWorkThreadManagerEx.cpp
Invoking: GCC C++ Compiler
clang++ -std=c++20 -D__SONIK_x86_64__=1 -D_DEBUG -D__cplusplus=202002L -D_WIN64 -I"D:\MyLibrary\include\Thread" -O0 -g3 -Wall -c -fmessage-length=0 -MMD -MP -MF"SonikWorkThread/SonikWorkThreadManagerEx.d" -MT"SonikWorkThread/SonikWorkThreadManagerEx.o" -o "SonikWorkThread/SonikWorkThreadManagerEx.o" "../SonikWorkThread/SonikWorkThreadManagerEx.cpp"
In file included from <built-in>:469:
<command line>:3:9: warning: redefining builtin macro [-Wbuiltin-macro-redefined]
    3 | #define __cplusplus 202002L
      |         ^
1 warning generated.
Finished building: ../SonikWorkThread/SonikWorkThreadManagerEx.cpp
 
Building file: ../SonikString/WIDE/SonikString_WIDE.cpp
Invoking: GCC C++ Compiler
clang++ -std=c++20 -D__SONIK_x86_64__=1 -D_DEBUG -D__cplusplus=202002L -D_WIN64 -I./WIDE -O0 -g3 -Wall -c -fmessage-length=0 -MMD -MP -MF"SonikString/WIDE/SonikString_WIDE.d" -MT"SonikString/WIDE/SonikString_WIDE.o" -o "SonikString/WIDE/SonikString_WIDE.o" "../SonikString/WIDE/SonikString_WIDE.cpp"
In file included from <built-in>:469:
<command line>:3:9: warning: redefining builtin macro [-Wbuiltin-macro-redefined]
    3 | #define __cplusplus 202002L
      |         ^
../SonikString/WIDE/SonikString_WIDE.cpp:174:10: warning: exception of type 'std::bad_array_new_length &' will be caught by earlier handler [-Wexceptions]
  174 |                 }catch(std::bad_array_new_length& e)
      |                        ^
../SonikString/WIDE/SonikString_WIDE.cpp:169:10: note: for type 'std::bad_alloc &'
  169 |                 }catch(std::bad_alloc& e)
      |                        ^
../SonikString/WIDE/SonikString_WIDE.cpp:207:10: warning: exception of type 'std::bad_array_new_length &' will be caught by earlier handler [-Wexceptions]
  207 |                 }catch(std::bad_array_new_length& e)
      |                        ^
../SonikString/WIDE/SonikString_WIDE.cpp:202:10: note: for type 'std::bad_alloc &'
  202 |                 }catch(std::bad_alloc& e)
      |                        ^
../SonikString/WIDE/SonikString_WIDE.cpp:242:10: warning: exception of type 'std::bad_array_new_length &' will be caught by earlier handler [-Wexceptions]
  242 |                 }catch(std::bad_array_new_length& e)
      |                        ^
../SonikString/WIDE/SonikString_WIDE.cpp:237:10: note: for type 'std::bad_alloc &'
  237 |                 }catch(std::bad_alloc& e)
      |                        ^
../SonikString/WIDE/SonikString_WIDE.cpp:275:10: warning: exception of type 'std::bad_array_new_length &' will be caught by earlier handler [-Wexceptions]
  275 |                 }catch(std::bad_array_new_length& e)
      |                        ^
../SonikString/WIDE/SonikString_WIDE.cpp:270:10: note: for type 'std::bad_alloc &'
  270 |                 }catch(std::bad_alloc& e)
      |                        ^
../SonikString/WIDE/SonikString_WIDE.cpp:307:10: warning: exception of type 'std::bad_array_new_length &' will be caught by earlier handler [-Wexceptions]
  307 |                 }catch(std::bad_array_new_length& e)
      |                        ^
../SonikString/WIDE/SonikString_WIDE.cpp:302:10: note: for type 'std::bad_alloc &'
  302 |                 }catch(std::bad_alloc& e)
      |                        ^
../SonikString/WIDE/SonikString_WIDE.cpp:1043:10: warning: exception of type 'std::bad_array_new_length &' will be caught by earlier handler [-Wexceptions]
 1043 |                 }catch(std::bad_array_new_length& e)
      |                        ^
../SonikString/WIDE/SonikString_WIDE.cpp:1039:10: note: for type 'std::bad_alloc &'
 1039 |                 }catch(std::bad_alloc& e)
      |                        ^
../SonikString/WIDE/SonikString_WIDE.cpp:1990:10: warning: exception of type 'std::bad_array_new_length &' will be caught by earlier handler [-Wexceptions]
 1990 |                 }catch(std::bad_array_new_length& e)
      |                        ^
../SonikString/WIDE/SonikString_WIDE.cpp:1985:10: note: for type 'std::bad_alloc &'
 1985 |                 }catch(std::bad_alloc& e)
      |                        ^
../SonikString/WIDE/SonikString_WIDE.cpp:2010:10: warning: exception of type 'std::bad_array_new_length &' will be caught by earlier handler [-Wexceptions]
 2010 |                 }catch(std::bad_array_new_length& e)
      |                        ^
../SonikString/WIDE/SonikString_WIDE.cpp:2005:10: note: for type 'std::bad_alloc &'
 2005 |                 }catch(std::bad_alloc& e)
      |                        ^
../SonikString/WIDE/SonikString_WIDE.cpp:2030:10: warning: exception of type 'std::bad_array_new_length &' will be caught by earlier handler [-Wexceptions]
 2030 |                 }catch(std::bad_array_new_length& e)
      |                        ^
../SonikString/WIDE/SonikString_WIDE.cpp:2025:10: note: for type 'std::bad_alloc &'
 2025 |                 }catch(std::bad_alloc& e)
      |                        ^
../SonikString/WIDE/SonikString_WIDE.cpp:2051:10: warning: exception of type 'std::bad_array_new_length &' will be caught by earlier handler [-Wexceptions]
 2051 |                 }catch(std::bad_array_new_length& e)
      |                        ^
../SonikString/WIDE/SonikString_WIDE.cpp:2046:10: note: for type 'std::bad_alloc &'
 2046 |                 }catch(std::bad_alloc& e)
      |                        ^
../SonikString/WIDE/SonikString_WIDE.cpp:2072:10: warning: exception of type 'std::bad_array_new_length &' will be caught by earlier handler [-Wexceptions]
 2072 |                 }catch(std::bad_array_new_length& e)
      |                        ^
../SonikString/WIDE/SonikString_WIDE.cpp:2067:10: note: for type 'std::bad_alloc &'
 2067 |                 }catch(std::bad_alloc& e)
      |                        ^
../SonikString/WIDE/SonikString_WIDE.cpp:2093:10: warning: exception of type 'std::bad_array_new_length &' will be caught by earlier handler [-Wexceptions]
 2093 |                 }catch(std::bad_array_new_length& e)
      |                        ^
../SonikString/WIDE/SonikString_WIDE.cpp:2088:10: note: for type 'std::bad_alloc &'
 2088 |                 }catch(std::bad_alloc& e)
      |                        ^
../SonikString/WIDE/SonikString_WIDE.cpp:2114:10: warning: exception of type 'std::bad_array_new_length &' will be caught by earlier handler [-Wexceptions]
 2114 |                 }catch(std::bad_array_new_length& e)
      |                        ^
../SonikString/WIDE/SonikString_WIDE.cpp:2109:10: note: for type 'std::bad_alloc &'
 2109 |                 }catch(std::bad_alloc& e)
      |                        ^
14 warnings generated.
Finished building: ../SonikString/WIDE/SonikString_WIDE.cpp
 
Building file: ../SonikString/UTF8/SonikString_UTF8.cpp
Invoking: GCC C++ Compiler
clang++ -std=c++20 -D__SONIK_x86_64__=1 -D_DEBUG -D__cplusplus=202002L -D_WIN64 -I./UTF8 -O0 -g3 -Wall -c -fmessage-length=0 -MMD -MP -MF"SonikString/UTF8/SonikString_UTF8.d" -MT"SonikString/UTF8/SonikString_UTF8.o" -o "SonikString/UTF8/SonikString_UTF8.o" "../SonikString/UTF8/SonikString_UTF8.cpp"
In file included from <built-in>:469:
<command line>:3:9: warning: redefining builtin macro [-Wbuiltin-macro-redefined]
    3 | #define __cplusplus 202002L
      |         ^
../SonikString/UTF8/SonikString_UTF8.cpp:180:10: warning: exception of type 'std::bad_array_new_length &' will be caught by earlier handler [-Wexceptions]
  180 |                 }catch(std::bad_array_new_length& e)
      |                        ^
../SonikString/UTF8/SonikString_UTF8.cpp:175:10: note: for type 'std::bad_alloc &'
  175 |                 }catch(std::bad_alloc& e)
      |                        ^
../SonikString/UTF8/SonikString_UTF8.cpp:213:10: warning: exception of type 'std::bad_array_new_length &' will be caught by earlier handler [-Wexceptions]
  213 |                 }catch(std::bad_array_new_length& e)
      |                        ^
../SonikString/UTF8/SonikString_UTF8.cpp:208:10: note: for type 'std::bad_alloc &'
  208 |                 }catch(std::bad_alloc& e)
      |                        ^
../SonikString/UTF8/SonikString_UTF8.cpp:248:10: warning: exception of type 'std::bad_array_new_length &' will be caught by earlier handler [-Wexceptions]
  248 |                 }catch(std::bad_array_new_length& e)
      |                        ^
../SonikString/UTF8/SonikString_UTF8.cpp:243:10: note: for type 'std::bad_alloc &'
  243 |                 }catch(std::bad_alloc& e)
      |                        ^
../SonikString/UTF8/SonikString_UTF8.cpp:281:10: warning: exception of type 'std::bad_array_new_length &' will be caught by earlier handler [-Wexceptions]
  281 |                 }catch(std::bad_array_new_length& e)
      |                        ^
../SonikString/UTF8/SonikString_UTF8.cpp:276:10: note: for type 'std::bad_alloc &'
  276 |                 }catch(std::bad_alloc& e)
      |                        ^
../SonikString/UTF8/SonikString_UTF8.cpp:313:10: warning: exception of type 'std::bad_array_new_length &' will be caught by earlier handler [-Wexceptions]
  313 |                 }catch(std::bad_array_new_length& e)
      |                        ^
../SonikString/UTF8/SonikString_UTF8.cpp:308:10: note: for type 'std::bad_alloc &'
  308 |                 }catch(std::bad_alloc& e)
      |                        ^
../SonikString/UTF8/SonikString_UTF8.cpp:1049:10: warning: exception of type 'std::bad_array_new_length &' will be caught by earlier handler [-Wexceptions]
 1049 |                 }catch(std::bad_array_new_length& e)
      |                        ^
../SonikString/UTF8/SonikString_UTF8.cpp:1045:10: note: for type 'std::bad_alloc &'
 1045 |                 }catch(std::bad_alloc& e)
      |                        ^
../SonikString/UTF8/SonikString_UTF8.cpp:1996:10: warning: exception of type 'std::bad_array_new_length &' will be caught by earlier handler [-Wexceptions]
 1996 |                 }catch(std::bad_array_new_length& e)
      |                        ^
../SonikString/UTF8/SonikString_UTF8.cpp:1991:10: note: for type 'std::bad_alloc &'
 1991 |                 }catch(std::bad_alloc& e)
      |                        ^
../SonikString/UTF8/SonikString_UTF8.cpp:2016:10: warning: exception of type 'std::bad_array_new_length &' will be caught by earlier handler [-Wexceptions]
 2016 |                 }catch(std::bad_array_new_length& e)
      |                        ^
../SonikString/UTF8/SonikString_UTF8.cpp:2011:10: note: for type 'std::bad_alloc &'
 2011 |                 }catch(std::bad_alloc& e)
      |                        ^
../SonikString/UTF8/SonikString_UTF8.cpp:2036:10: warning: exception of type 'std::bad_array_new_length &' will be caught by earlier handler [-Wexceptions]
 2036 |                 }catch(std::bad_array_new_length& e)
      |                        ^
../SonikString/UTF8/SonikString_UTF8.cpp:2031:10: note: for type 'std::bad_alloc &'
 2031 |                 }catch(std::bad_alloc& e)
      |                        ^
../SonikString/UTF8/SonikString_UTF8.cpp:2057:10: warning: exception of type 'std::bad_array_new_length &' will be caught by earlier handler [-Wexceptions]
 2057 |                 }catch(std::bad_array_new_length& e)
      |                        ^
../SonikString/UTF8/SonikString_UTF8.cpp:2052:10: note: for type 'std::bad_alloc &'
 2052 |                 }catch(std::bad_alloc& e)
      |                        ^
../SonikString/UTF8/SonikString_UTF8.cpp:2078:10: warning: exception of type 'std::bad_array_new_length &' will be caught by earlier handler [-Wexceptions]
 2078 |                 }catch(std::bad_array_new_length& e)
      |                        ^
../SonikString/UTF8/SonikString_UTF8.cpp:2073:10: note: for type 'std::bad_alloc &'
 2073 |                 }catch(std::bad_alloc& e)
      |                        ^
../SonikString/UTF8/SonikString_UTF8.cpp:2099:10: warning: exception of type 'std::bad_array_new_length &' will be caught by earlier handler [-Wexceptions]
 2099 |                 }catch(std::bad_array_new_length& e)
      |                        ^
../SonikString/UTF8/SonikString_UTF8.cpp:2094:10: note: for type 'std::bad_alloc &'
 2094 |                 }catch(std::bad_alloc& e)
      |                        ^
../SonikString/UTF8/SonikString_UTF8.cpp:2120:10: warning: exception of type 'std::bad_array_new_length &' will be caught by earlier handler [-Wexceptions]
 2120 |                 }catch(std::bad_array_new_length& e)
      |                        ^
../SonikString/UTF8/SonikString_UTF8.cpp:2115:10: note: for type 'std::bad_alloc &'
 2115 |                 }catch(std::bad_alloc& e)
      |                        ^
14 warnings generated.
Finished building: ../SonikString/UTF8/SonikString_UTF8.cpp
 
Building file: ../SonikString/UTF16/SonikString_UTF16.cpp
Invoking: GCC C++ Compiler
clang++ -std=c++20 -D__SONIK_x86_64__=1 -D_DEBUG -D__cplusplus=202002L -D_WIN64 -I./UTF16 -O0 -g3 -Wall -c -fmessage-length=0 -MMD -MP -MF"SonikString/UTF16/SonikString_UTF16.d" -MT"SonikString/UTF16/SonikString_UTF16.o" -o "SonikString/UTF16/SonikString_UTF16.o" "../SonikString/UTF16/SonikString_UTF16.cpp"
In file included from <built-in>:469:
<command line>:3:9: warning: redefining builtin macro [-Wbuiltin-macro-redefined]
    3 | #define __cplusplus 202002L
      |         ^
../SonikString/UTF16/SonikString_UTF16.cpp:173:10: warning: exception of type 'std::bad_array_new_length &' will be caught by earlier handler [-Wexceptions]
  173 |                 }catch(std::bad_array_new_length& e)
      |                        ^
../SonikString/UTF16/SonikString_UTF16.cpp:168:10: note: for type 'std::bad_alloc &'
  168 |                 }catch(std::bad_alloc& e)
      |                        ^
../SonikString/UTF16/SonikString_UTF16.cpp:206:10: warning: exception of type 'std::bad_array_new_length &' will be caught by earlier handler [-Wexceptions]
  206 |                 }catch(std::bad_array_new_length& e)
      |                        ^
../SonikString/UTF16/SonikString_UTF16.cpp:201:10: note: for type 'std::bad_alloc &'
  201 |                 }catch(std::bad_alloc& e)
      |                        ^
../SonikString/UTF16/SonikString_UTF16.cpp:241:10: warning: exception of type 'std::bad_array_new_length &' will be caught by earlier handler [-Wexceptions]
  241 |                 }catch(std::bad_array_new_length& e)
      |                        ^
../SonikString/UTF16/SonikString_UTF16.cpp:236:10: note: for type 'std::bad_alloc &'
  236 |                 }catch(std::bad_alloc& e)
      |                        ^
../SonikString/UTF16/SonikString_UTF16.cpp:274:10: warning: exception of type 'std::bad_array_new_length &' will be caught by earlier handler [-Wexceptions]
  274 |                 }catch(std::bad_array_new_length& e)
      |                        ^
../SonikString/UTF16/SonikString_UTF16.cpp:269:10: note: for type 'std::bad_alloc &'
  269 |                 }catch(std::bad_alloc& e)
      |                        ^
../SonikString/UTF16/SonikString_UTF16.cpp:306:10: warning: exception of type 'std::bad_array_new_length &' will be caught by earlier handler [-Wexceptions]
  306 |                 }catch(std::bad_array_new_length& e)
      |                        ^
../SonikString/UTF16/SonikString_UTF16.cpp:301:10: note: for type 'std::bad_alloc &'
  301 |                 }catch(std::bad_alloc& e)
      |                        ^
../SonikString/UTF16/SonikString_UTF16.cpp:1042:10: warning: exception of type 'std::bad_array_new_length &' will be caught by earlier handler [-Wexceptions]
 1042 |                 }catch(std::bad_array_new_length& e)
      |                        ^
../SonikString/UTF16/SonikString_UTF16.cpp:1038:10: note: for type 'std::bad_alloc &'
 1038 |                 }catch(std::bad_alloc& e)
      |                        ^
../SonikString/UTF16/SonikString_UTF16.cpp:1989:10: warning: exception of type 'std::bad_array_new_length &' will be caught by earlier handler [-Wexceptions]
 1989 |                 }catch(std::bad_array_new_length& e)
      |                        ^
../SonikString/UTF16/SonikString_UTF16.cpp:1984:10: note: for type 'std::bad_alloc &'
 1984 |                 }catch(std::bad_alloc& e)
      |                        ^
../SonikString/UTF16/SonikString_UTF16.cpp:2009:10: warning: exception of type 'std::bad_array_new_length &' will be caught by earlier handler [-Wexceptions]
 2009 |                 }catch(std::bad_array_new_length& e)
      |                        ^
../SonikString/UTF16/SonikString_UTF16.cpp:2004:10: note: for type 'std::bad_alloc &'
 2004 |                 }catch(std::bad_alloc& e)
      |                        ^
../SonikString/UTF16/SonikString_UTF16.cpp:2029:10: warning: exception of type 'std::bad_array_new_length &' will be caught by earlier handler [-Wexceptions]
 2029 |                 }catch(std::bad_array_new_length& e)
      |                        ^
../SonikString/UTF16/SonikString_UTF16.cpp:2024:10: note: for type 'std::bad_alloc &'
 2024 |                 }catch(std::bad_alloc& e)
      |                        ^
../SonikString/UTF16/SonikString_UTF16.cpp:2050:10: warning: exception of type 'std::bad_array_new_length &' will be caught by earlier handler [-Wexceptions]
 2050 |                 }catch(std::bad_array_new_length& e)
      |                        ^
../SonikString/UTF16/SonikString_UTF16.cpp:2045:10: note: for type 'std::bad_alloc &'
 2045 |                 }catch(std::bad_alloc& e)
      |                        ^
../SonikString/UTF16/SonikString_UTF16.cpp:2071:10: warning: exception of type 'std::bad_array_new_length &' will be caught by earlier handler [-Wexceptions]
 2071 |                 }catch(std::bad_array_new_length& e)
      |                        ^
../SonikString/UTF16/SonikString_UTF16.cpp:2066:10: note: for type 'std::bad_alloc &'
 2066 |                 }catch(std::bad_alloc& e)
      |                        ^
../SonikString/UTF16/SonikString_UTF16.cpp:2092:10: warning: exception of type 'std::bad_array_new_length &' will be caught by earlier handler [-Wexceptions]
 2092 |                 }catch(std::bad_array_new_length& e)
      |                        ^
../SonikString/UTF16/SonikString_UTF16.cpp:2087:10: note: for type 'std::bad_alloc &'
 2087 |                 }catch(std::bad_alloc& e)
      |                        ^
../SonikString/UTF16/SonikString_UTF16.cpp:2113:10: warning: exception of type 'std::bad_array_new_length &' will be caught by earlier handler [-Wexceptions]
 2113 |                 }catch(std::bad_array_new_length& e)
      |                        ^
../SonikString/UTF16/SonikString_UTF16.cpp:2108:10: note: for type 'std::bad_alloc &'
 2108 |                 }catch(std::bad_alloc& e)
      |                        ^
14 warnings generated.
Finished building: ../SonikString/UTF16/SonikString_UTF16.cpp
 
Building file: ../SonikString/SonikString.cpp
Invoking: GCC C++ Compiler
clang++ -std=c++20 -D__SONIK_x86_64__=1 -D_DEBUG -D__cplusplus=202002L -D_WIN64 -O0 -g3 -Wall -c -fmessage-length=0 -MMD -MP -MF"SonikString/SonikString.d" -MT"SonikString/SonikString.o" -o "SonikString/SonikString.o" "../SonikString/SonikString.cpp"
In file included from <built-in>:469:
<command line>:3:9: warning: redefining builtin macro [-Wbuiltin-macro-redefined]
    3 | #define __cplusplus 202002L
      |         ^
1 warning generated.
Finished building: ../SonikString/SonikString.cpp
 
Building file: ../SonikString/SonikStringConvert.cpp
Invoking: GCC C++ Compiler
clang++ -std=c++20 -D__SONIK_x86_64__=1 -D_DEBUG -D__cplusplus=202002L -D_WIN64 -O0 -g3 -Wall -c -fmessage-length=0 -MMD -MP -MF"SonikString/SonikStringConvert.d" -MT"SonikString/SonikStringConvert.o" -o "SonikString/SonikStringConvert.o" "../SonikString/SonikStringConvert.cpp"
In file included from <built-in>:469:
<command line>:3:9: warning: redefining builtin macro [-Wbuiltin-macro-redefined]
    3 | #define __cplusplus 202002L
      |         ^
../SonikString/SonikStringConvert.cpp:57:68: warning: result of comparison of constant 191 with expression of type 'const char' is always false [-Wtautological-constant-out-of-range-compare]
   57 |                 if( pCheckSrc[0] == 0xEF && pCheckSrc[1] == 0xBB && pCheckSrc[2] == 0xBF )
      |                                                                     ~~~~~~~~~~~~ ^  ~~~~
../SonikString/SonikStringConvert.cpp:57:44: warning: result of comparison of constant 187 with expression of type 'const char' is always false [-Wtautological-constant-out-of-range-compare]
   57 |                 if( pCheckSrc[0] == 0xEF && pCheckSrc[1] == 0xBB && pCheckSrc[2] == 0xBF )
      |                                             ~~~~~~~~~~~~ ^  ~~~~
../SonikString/SonikStringConvert.cpp:57:20: warning: result of comparison of constant 239 with expression of type 'const char' is always false [-Wtautological-constant-out-of-range-compare]
   57 |                 if( pCheckSrc[0] == 0xEF && pCheckSrc[1] == 0xBB && pCheckSrc[2] == 0xBF )
      |                     ~~~~~~~~~~~~ ^  ~~~~
4 warnings generated.
Finished building: ../SonikString/SonikStringConvert.cpp
 
Building file: ../SonikFrameControl/SonikFrameControl.cpp
Invoking: GCC C++ Compiler
clang++ -std=c++20 -D__SONIK_x86_64__=1 -D_DEBUG -D__cplusplus=202002L -D_WIN64 -O0 -g3 -Wall -c -fmessage-length=0 -MMD -MP -MF"SonikFrameControl/SonikFrameControl.d" -MT"SonikFrameControl/SonikFrameControl.o" -o "SonikFrameControl/SonikFrameControl.o" "../SonikFrameControl/SonikFrameControl.cpp"
In file included from <built-in>:469:
<command line>:3:9: warning: redefining builtin macro [-Wbuiltin-macro-redefined]
    3 | #define __cplusplus 202002L
      |         ^
1 warning generated.
Finished building: ../SonikFrameControl/SonikFrameControl.cpp
 
Building file: ../SonikFrameControl/SonikFrameControl_x64.cpp
Invoking: GCC C++ Compiler
clang++ -std=c++20 -D__SONIK_x86_64__=1 -D_DEBUG -D__cplusplus=202002L -D_WIN64 -O0 -g3 -Wall -c -fmessage-length=0 -MMD -MP -MF"SonikFrameControl/SonikFrameControl_x64.d" -MT"SonikFrameControl/SonikFrameControl_x64.o" -o "SonikFrameControl/SonikFrameControl_x64.o" "../SonikFrameControl/SonikFrameControl_x64.cpp"
In file included from <built-in>:469:
<command line>:3:9: warning: redefining builtin macro [-Wbuiltin-macro-redefined]
    3 | #define __cplusplus 202002L
      |         ^
1 warning generated.
Finished building: ../SonikFrameControl/SonikFrameControl_x64.cpp
 
Building file: ../SonikFileSystems/SonikFileController_SJISx64.cpp
Invoking: GCC C++ Compiler
clang++ -std=c++20 -D__SONIK_x86_64__=1 -D_DEBUG -D__cplusplus=202002L -D_WIN64 -O0 -g3 -Wall -c -fmessage-length=0 -MMD -MP -MF"SonikFileSystems/SonikFileController_SJISx64.d" -MT"SonikFileSystems/SonikFileController_SJISx64.o" -o "SonikFileSystems/SonikFileController_SJISx64.o" "../SonikFileSystems/SonikFileController_SJISx64.cpp"
In file included from <built-in>:469:
<command line>:3:9: warning: redefining builtin macro [-Wbuiltin-macro-redefined]
    3 | #define __cplusplus 202002L
      |         ^
1 warning generated.
Finished building: ../SonikFileSystems/SonikFileController_SJISx64.cpp
 
Building file: ../SonikFileSystems/SonikFileController_SJISx86.cpp
Invoking: GCC C++ Compiler
clang++ -std=c++20 -D__SONIK_x86_64__=1 -D_DEBUG -D__cplusplus=202002L -D_WIN64 -O0 -g3 -Wall -c -fmessage-length=0 -MMD -MP -MF"SonikFileSystems/SonikFileController_SJISx86.d" -MT"SonikFileSystems/SonikFileController_SJISx86.o" -o "SonikFileSystems/SonikFileController_SJISx86.o" "../SonikFileSystems/SonikFileController_SJISx86.cpp"
In file included from <built-in>:469:
<command line>:3:9: warning: redefining builtin macro [-Wbuiltin-macro-redefined]
    3 | #define __cplusplus 202002L
      |         ^
1 warning generated.
Finished building: ../SonikFileSystems/SonikFileController_SJISx86.cpp
 
Building file: ../SonikFileSystems/SonikFileController_UTF16x64.cpp
Invoking: GCC C++ Compiler
clang++ -std=c++20 -D__SONIK_x86_64__=1 -D_DEBUG -D__cplusplus=202002L -D_WIN64 -O0 -g3 -Wall -c -fmessage-length=0 -MMD -MP -MF"SonikFileSystems/SonikFileController_UTF16x64.d" -MT"SonikFileSystems/SonikFileController_UTF16x64.o" -o "SonikFileSystems/SonikFileController_UTF16x64.o" "../SonikFileSystems/SonikFileController_UTF16x64.cpp"
In file included from <built-in>:469:
<command line>:3:9: warning: redefining builtin macro [-Wbuiltin-macro-redefined]
    3 | #define __cplusplus 202002L
      |         ^
1 warning generated.
Finished building: ../SonikFileSystems/SonikFileController_UTF16x64.cpp
 
Building file: ../SonikFileSystems/SonikFileController_UTF16x86.cpp
Invoking: GCC C++ Compiler
clang++ -std=c++20 -D__SONIK_x86_64__=1 -D_DEBUG -D__cplusplus=202002L -D_WIN64 -O0 -g3 -Wall -c -fmessage-length=0 -MMD -MP -MF"SonikFileSystems/SonikFileController_UTF16x86.d" -MT"SonikFileSystems/SonikFileController_UTF16x86.o" -o "SonikFileSystems/SonikFileController_UTF16x86.o" "../SonikFileSystems/SonikFileController_UTF16x86.cpp"
In file included from <built-in>:469:
<command line>:3:9: warning: redefining builtin macro [-Wbuiltin-macro-redefined]
    3 | #define __cplusplus 202002L
      |         ^
1 warning generated.
Finished building: ../SonikFileSystems/SonikFileController_UTF16x86.cpp
 
Building file: ../SonikFileSystems/SonikFileController_UTF8x64.cpp
Invoking: GCC C++ Compiler
clang++ -std=c++20 -D__SONIK_x86_64__=1 -D_DEBUG -D__cplusplus=202002L -D_WIN64 -O0 -g3 -Wall -c -fmessage-length=0 -MMD -MP -MF"SonikFileSystems/SonikFileController_UTF8x64.d" -MT"SonikFileSystems/SonikFileController_UTF8x64.o" -o "SonikFileSystems/SonikFileController_UTF8x64.o" "../SonikFileSystems/SonikFileController_UTF8x64.cpp"
In file included from <built-in>:469:
<command line>:3:9: warning: redefining builtin macro [-Wbuiltin-macro-redefined]
    3 | #define __cplusplus 202002L
      |         ^
1 warning generated.
Finished building: ../SonikFileSystems/SonikFileController_UTF8x64.cpp
 
Building file: ../SonikFileSystems/SonikFileController_UTF8x86.cpp
Invoking: GCC C++ Compiler
clang++ -std=c++20 -D__SONIK_x86_64__=1 -D_DEBUG -D__cplusplus=202002L -D_WIN64 -O0 -g3 -Wall -c -fmessage-length=0 -MMD -MP -MF"SonikFileSystems/SonikFileController_UTF8x86.d" -MT"SonikFileSystems/SonikFileController_UTF8x86.o" -o "SonikFileSystems/SonikFileController_UTF8x86.o" "../SonikFileSystems/SonikFileController_UTF8x86.cpp"
In file included from <built-in>:469:
<command line>:3:9: warning: redefining builtin macro [-Wbuiltin-macro-redefined]
    3 | #define __cplusplus 202002L
      |         ^
1 warning generated.
Finished building: ../SonikFileSystems/SonikFileController_UTF8x86.cpp
 
Building file: ../SonikFileSystems/SonikFileController_x64.cpp
Invoking: GCC C++ Compiler
clang++ -std=c++20 -D__SONIK_x86_64__=1 -D_DEBUG -D__cplusplus=202002L -D_WIN64 -O0 -g3 -Wall -c -fmessage-length=0 -MMD -MP -MF"SonikFileSystems/SonikFileController_x64.d" -MT"SonikFileSystems/SonikFileController_x64.o" -o "SonikFileSystems/SonikFileController_x64.o" "../SonikFileSystems/SonikFileController_x64.cpp"
In file included from <built-in>:469:
<command line>:3:9: warning: redefining builtin macro [-Wbuiltin-macro-redefined]
    3 | #define __cplusplus 202002L
      |         ^
1 warning generated.
Finished building: ../SonikFileSystems/SonikFileController_x64.cpp
 
Building file: ../SonikFileSystems/SonikFileController_x86.cpp
Invoking: GCC C++ Compiler
clang++ -std=c++20 -D__SONIK_x86_64__=1 -D_DEBUG -D__cplusplus=202002L -D_WIN64 -O0 -g3 -Wall -c -fmessage-length=0 -MMD -MP -MF"SonikFileSystems/SonikFileController_x86.d" -MT"SonikFileSystems/SonikFileController_x86.o" -o "SonikFileSystems/SonikFileController_x86.o" "../SonikFileSystems/SonikFileController_x86.cpp"
In file included from <built-in>:469:
<command line>:3:9: warning: redefining builtin macro [-Wbuiltin-macro-redefined]
    3 | #define __cplusplus 202002L
      |         ^
1 warning generated.
Finished building: ../SonikFileSystems/SonikFileController_x86.cpp
 
Building file: ../SonikFileSystems/SonikFileSystems.cpp
Invoking: GCC C++ Compiler
clang++ -std=c++20 -D__SONIK_x86_64__=1 -D_DEBUG -D__cplusplus=202002L -D_WIN64 -O0 -g3 -Wall -c -fmessage-length=0 -MMD -MP -MF"SonikFileSystems/SonikFileSystems.d" -MT"SonikFileSystems/SonikFileSystems.o" -o "SonikFileSystems/SonikFileSystems.o" "../SonikFileSystems/SonikFileSystems.cpp"
In file included from <built-in>:469:
<command line>:3:9: warning: redefining builtin macro [-Wbuiltin-macro-redefined]
    3 | #define __cplusplus 202002L
      |         ^
1 warning generated.
Finished building: ../SonikFileSystems/SonikFileSystems.cpp
 
Building file: ../SonikCAS/SonikAtomicLock.cpp
Invoking: GCC C++ Compiler
clang++ -std=c++20 -D__SONIK_x86_64__=1 -D_DEBUG -D__cplusplus=202002L -D_WIN64 -O0 -g3 -Wall -c -fmessage-length=0 -MMD -MP -MF"SonikCAS/SonikAtomicLock.d" -MT"SonikCAS/SonikAtomicLock.o" -o "SonikCAS/SonikAtomicLock.o" "../SonikCAS/SonikAtomicLock.cpp"
In file included from <built-in>:469:
<command line>:3:9: warning: redefining builtin macro [-Wbuiltin-macro-redefined]
    3 | #define __cplusplus 202002L
      |         ^
1 warning generated.
Finished building: ../SonikCAS/SonikAtomicLock.cpp
 
Building file: ../MultiMedia/SonikMM_AudioInfoImple.cpp
Invoking: GCC C++ Compiler
clang++ -std=c++20 -D__SONIK_x86_64__=1 -D_DEBUG -D__cplusplus=202002L -D_WIN64 -O0 -g3 -Wall -c -fmessage-length=0 -MMD -MP -MF"MultiMedia/SonikMM_AudioInfoImple.d" -MT"MultiMedia/SonikMM_AudioInfoImple.o" -o "MultiMedia/SonikMM_AudioInfoImple.o" "../MultiMedia/SonikMM_AudioInfoImple.cpp"
In file included from <built-in>:469:
<command line>:3:9: warning: redefining builtin macro [-Wbuiltin-macro-redefined]
    3 | #define __cplusplus 202002L
      |         ^
1 warning generated.
Finished building: ../MultiMedia/SonikMM_AudioInfoImple.cpp
 
Building file: ../MultiMedia/SonikMultiMediaInterface.cpp
Invoking: GCC C++ Compiler
clang++ -std=c++20 -D__SONIK_x86_64__=1 -D_DEBUG -D__cplusplus=202002L -D_WIN64 -O0 -g3 -Wall -c -fmessage-length=0 -MMD -MP -MF"MultiMedia/SonikMultiMediaInterface.d" -MT"MultiMedia/SonikMultiMediaInterface.o" -o "MultiMedia/SonikMultiMediaInterface.o" "../MultiMedia/SonikMultiMediaInterface.cpp"
In file included from <built-in>:469:
<command line>:3:9: warning: redefining builtin macro [-Wbuiltin-macro-redefined]
    3 | #define __cplusplus 202002L
      |         ^
1 warning generated.
Finished building: ../MultiMedia/SonikMultiMediaInterface.cpp
 
Building file: ../MathBit/MathBit.cpp
Invoking: GCC C++ Compiler
clang++ -std=c++20 -D__SONIK_x86_64__=1 -D_DEBUG -D__cplusplus=202002L -D_WIN64 -O0 -g3 -Wall -c -fmessage-length=0 -MMD -MP -MF"MathBit/MathBit.d" -MT"MathBit/MathBit.o" -o "MathBit/MathBit.o" "../MathBit/MathBit.cpp"
In file included from <built-in>:469:
<command line>:3:9: warning: redefining builtin macro [-Wbuiltin-macro-redefined]
    3 | #define __cplusplus 202002L
      |         ^
1 warning generated.
Finished building: ../MathBit/MathBit.cpp
 
Building file: ../MathBit/SonikKeyFrameMath.cpp
Invoking: GCC C++ Compiler
clang++ -std=c++20 -D__SONIK_x86_64__=1 -D_DEBUG -D__cplusplus=202002L -D_WIN64 -O0 -g3 -Wall -c -fmessage-length=0 -MMD -MP -MF"MathBit/SonikKeyFrameMath.d" -MT"MathBit/SonikKeyFrameMath.o" -o "MathBit/SonikKeyFrameMath.o" "../MathBit/SonikKeyFrameMath.cpp"
In file included from <built-in>:469:
<command line>:3:9: warning: redefining builtin macro [-Wbuiltin-macro-redefined]
    3 | #define __cplusplus 202002L
      |         ^
1 warning generated.
Finished building: ../MathBit/SonikKeyFrameMath.cpp
 
Building file: ../MathBit/SonikMathDistance.cpp
Invoking: GCC C++ Compiler
clang++ -std=c++20 -D__SONIK_x86_64__=1 -D_DEBUG -D__cplusplus=202002L -D_WIN64 -O0 -g3 -Wall -c -fmessage-length=0 -MMD -MP -MF"MathBit/SonikMathDistance.d" -MT"MathBit/SonikMathDistance.o" -o "MathBit/SonikMathDistance.o" "../MathBit/SonikMathDistance.cpp"
In file included from <built-in>:469:
<command line>:3:9: warning: redefining builtin macro [-Wbuiltin-macro-redefined]
    3 | #define __cplusplus 202002L
      |         ^
1 warning generated.
Finished building: ../MathBit/SonikMathDistance.cpp
 
Building file: ../MathBit/SonikMathStandard.cpp
Invoking: GCC C++ Compiler
clang++ -std=c++20 -D__SONIK_x86_64__=1 -D_DEBUG -D__cplusplus=202002L -D_WIN64 -O0 -g3 -Wall -c -fmessage-length=0 -MMD -MP -MF"MathBit/SonikMathStandard.d" -MT"MathBit/SonikMathStandard.o" -o "MathBit/SonikMathStandard.o" "../MathBit/SonikMathStandard.cpp"
In file included from <built-in>:469:
<command line>:3:9: warning: redefining builtin macro [-Wbuiltin-macro-redefined]
    3 | #define __cplusplus 202002L
      |         ^
1 warning generated.
Finished building: ../MathBit/SonikMathStandard.cpp
 
Building file: ../MathBit/SonikMathTrigonometric.cpp
Invoking: GCC C++ Compiler
clang++ -std=c++20 -D__SONIK_x86_64__=1 -D_DEBUG -D__cplusplus=202002L -D_WIN64 -O0 -g3 -Wall -c -fmessage-length=0 -MMD -MP -MF"MathBit/SonikMathTrigonometric.d" -MT"MathBit/SonikMathTrigonometric.o" -o "MathBit/SonikMathTrigonometric.o" "../MathBit/SonikMathTrigonometric.cpp"
In file included from <built-in>:469:
<command line>:3:9: warning: redefining builtin macro [-Wbuiltin-macro-redefined]
    3 | #define __cplusplus 202002L
      |         ^
1 warning generated.
Finished building: ../MathBit/SonikMathTrigonometric.cpp
 
Building file: ../MathBit/SonikNormalize.cpp
Invoking: GCC C++ Compiler
clang++ -std=c++20 -D__SONIK_x86_64__=1 -D_DEBUG -D__cplusplus=202002L -D_WIN64 -O0 -g3 -Wall -c -fmessage-length=0 -MMD -MP -MF"MathBit/SonikNormalize.d" -MT"MathBit/SonikNormalize.o" -o "MathBit/SonikNormalize.o" "../MathBit/SonikNormalize.cpp"
In file included from <built-in>:469:
<command line>:3:9: warning: redefining builtin macro [-Wbuiltin-macro-redefined]
    3 | #define __cplusplus 202002L
      |         ^
1 warning generated.
Finished building: ../MathBit/SonikNormalize.cpp
 
Building file: ../DllAccess/SonikDllAccessManager.cpp
Invoking: GCC C++ Compiler
clang++ -std=c++20 -D__SONIK_x86_64__=1 -D_DEBUG -D__cplusplus=202002L -D_WIN64 -O0 -g3 -Wall -c -fmessage-length=0 -MMD -MP -MF"DllAccess/SonikDllAccessManager.d" -MT"DllAccess/SonikDllAccessManager.o" -o "DllAccess/SonikDllAccessManager.o" "../DllAccess/SonikDllAccessManager.cpp"
In file included from <built-in>:469:
<command line>:3:9: warning: redefining builtin macro [-Wbuiltin-macro-redefined]
    3 | #define __cplusplus 202002L
      |         ^
1 warning generated.
Finished building: ../DllAccess/SonikDllAccessManager.cpp
 
Building file: ../DllAccess/SonikDllAccessManager_x64.cpp
Invoking: GCC C++ Compiler
clang++ -std=c++20 -D__SONIK_x86_64__=1 -D_DEBUG -D__cplusplus=202002L -D_WIN64 -O0 -g3 -Wall -c -fmessage-length=0 -MMD -MP -MF"DllAccess/SonikDllAccessManager_x64.d" -MT"DllAccess/SonikDllAccessManager_x64.o" -o "DllAccess/SonikDllAccessManager_x64.o" "../DllAccess/SonikDllAccessManager_x64.cpp"
In file included from <built-in>:469:
<command line>:3:9: warning: redefining builtin macro [-Wbuiltin-macro-redefined]
    3 | #define __cplusplus 202002L
      |         ^
1 warning generated.
Finished building: ../DllAccess/SonikDllAccessManager_x64.cpp
 
Building file: ../DllAccess/SonikDllLoader.cpp
Invoking: GCC C++ Compiler
clang++ -std=c++20 -D__SONIK_x86_64__=1 -D_DEBUG -D__cplusplus=202002L -D_WIN64 -O0 -g3 -Wall -c -fmessage-length=0 -MMD -MP -MF"DllAccess/SonikDllLoader.d" -MT"DllAccess/SonikDllLoader.o" -o "DllAccess/SonikDllLoader.o" "../DllAccess/SonikDllLoader.cpp"
In file included from <built-in>:469:
<command line>:3:9: warning: redefining builtin macro [-Wbuiltin-macro-redefined]
    3 | #define __cplusplus 202002L
      |         ^
1 warning generated.
Finished building: ../DllAccess/SonikDllLoader.cpp
 
Building file: ../DllAccess/SonikDllLoader_x64.cpp
Invoking: GCC C++ Compiler
clang++ -std=c++20 -D__SONIK_x86_64__=1 -D_DEBUG -D__cplusplus=202002L -D_WIN64 -O0 -g3 -Wall -c -fmessage-length=0 -MMD -MP -MF"DllAccess/SonikDllLoader_x64.d" -MT"DllAccess/SonikDllLoader_x64.o" -o "DllAccess/SonikDllLoader_x64.o" "../DllAccess/SonikDllLoader_x64.cpp"
In file included from <built-in>:469:
<command line>:3:9: warning: redefining builtin macro [-Wbuiltin-macro-redefined]
    3 | #define __cplusplus 202002L
      |         ^
1 warning generated.
Finished building: ../DllAccess/SonikDllLoader_x64.cpp
 
Building file: ../Audio/Functions/LoadFunction.cpp
Invoking: GCC C++ Compiler
clang++ -std=c++20 -D__SONIK_x86_64__=1 -D_DEBUG -D__cplusplus=202002L -D_WIN64 -O0 -g3 -Wall -c -fmessage-length=0 -MMD -MP -MF"Audio/Functions/LoadFunction.d" -MT"Audio/Functions/LoadFunction.o" -o "Audio/Functions/LoadFunction.o" "../Audio/Functions/LoadFunction.cpp"
In file included from <built-in>:469:
<command line>:3:9: warning: redefining builtin macro [-Wbuiltin-macro-redefined]
    3 | #define __cplusplus 202002L
      |         ^
1 warning generated.
Finished building: ../Audio/Functions/LoadFunction.cpp
 
Building file: ../Audio/Functions/WaveBitConvert.cpp
Invoking: GCC C++ Compiler
clang++ -std=c++20 -D__SONIK_x86_64__=1 -D_DEBUG -D__cplusplus=202002L -D_WIN64 -O0 -g3 -Wall -c -fmessage-length=0 -MMD -MP -MF"Audio/Functions/WaveBitConvert.d" -MT"Audio/Functions/WaveBitConvert.o" -o "Audio/Functions/WaveBitConvert.o" "../Audio/Functions/WaveBitConvert.cpp"
In file included from <built-in>:469:
<command line>:3:9: warning: redefining builtin macro [-Wbuiltin-macro-redefined]
    3 | #define __cplusplus 202002L
      |         ^
1 warning generated.
Finished building: ../Audio/Functions/WaveBitConvert.cpp
 
Building file: ../Audio/Functions/WriteFunction.cpp
Invoking: GCC C++ Compiler
clang++ -std=c++20 -D__SONIK_x86_64__=1 -D_DEBUG -D__cplusplus=202002L -D_WIN64 -O0 -g3 -Wall -c -fmessage-length=0 -MMD -MP -MF"Audio/Functions/WriteFunction.d" -MT"Audio/Functions/WriteFunction.o" -o "Audio/Functions/WriteFunction.o" "../Audio/Functions/WriteFunction.cpp"
In file included from <built-in>:469:
<command line>:3:9: warning: redefining builtin macro [-Wbuiltin-macro-redefined]
    3 | #define __cplusplus 202002L
      |         ^
1 warning generated.
Finished building: ../Audio/Functions/WriteFunction.cpp
 
Building file: ../Audio/Format/SonikAppleAiffFormat.cpp
Invoking: GCC C++ Compiler
clang++ -std=c++20 -D__SONIK_x86_64__=1 -D_DEBUG -D__cplusplus=202002L -D_WIN64 -O0 -g3 -Wall -c -fmessage-length=0 -MMD -MP -MF"Audio/Format/SonikAppleAiffFormat.d" -MT"Audio/Format/SonikAppleAiffFormat.o" -o "Audio/Format/SonikAppleAiffFormat.o" "../Audio/Format/SonikAppleAiffFormat.cpp"
In file included from <built-in>:469:
<command line>:3:9: warning: redefining builtin macro [-Wbuiltin-macro-redefined]
    3 | #define __cplusplus 202002L
      |         ^
1 warning generated.
Finished building: ../Audio/Format/SonikAppleAiffFormat.cpp
 
Building file: ../Audio/Format/SonikWindowsWaveFormat.cpp
Invoking: GCC C++ Compiler
clang++ -std=c++20 -D__SONIK_x86_64__=1 -D_DEBUG -D__cplusplus=202002L -D_WIN64 -O0 -g3 -Wall -c -fmessage-length=0 -MMD -MP -MF"Audio/Format/SonikWindowsWaveFormat.d" -MT"Audio/Format/SonikWindowsWaveFormat.o" -o "Audio/Format/SonikWindowsWaveFormat.o" "../Audio/Format/SonikWindowsWaveFormat.cpp"
In file included from <built-in>:469:
<command line>:3:9: warning: redefining builtin macro [-Wbuiltin-macro-redefined]
    3 | #define __cplusplus 202002L
      |         ^
1 warning generated.
Finished building: ../Audio/Format/SonikWindowsWaveFormat.cpp
 
Building file: ../.metadata/.plugins/org.eclipse.cdt.make.core/specs.c
Invoking: GCC C Compiler
gcc -D_DEBUG -D__cplusplus=201103L -O0 -g3 -Wall -c -fmessage-length=0 -MMD -MP -MF".metadata/.plugins/org.eclipse.cdt.make.core/specs.d" -MT".metadata/.plugins/org.eclipse.cdt.make.core/specs.o" -o ".metadata/.plugins/org.eclipse.cdt.make.core/specs.o" "../.metadata/.plugins/org.eclipse.cdt.make.core/specs.c"
Finished building: ../.metadata/.plugins/org.eclipse.cdt.make.core/specs.c
 
Building target: lib_Dx64_SonikLibraryAPI.a
Invoking: GCC Archiver
ar -r  "lib_Dx64_SonikLibraryAPI.a" ./TimerClock/SonikElapsedTimer.o ./TimerClock/SonikElapsedTimer_x64.o  ./SonikWorkThread/SonikWorkThreadEx.o ./SonikWorkThread/SonikWorkThreadManagerEx.o  ./SonikString/WIDE/SonikString_WIDE.o  ./SonikString/UTF8/SonikString_UTF8.o  ./SonikString/UTF16/SonikString_UTF16.o  ./SonikString/SonikString.o ./SonikString/SonikStringConvert.o  ./SonikFrameControl/SonikFrameControl.o ./SonikFrameControl/SonikFrameControl_x64.o  ./SonikFileSystems/SonikFileController_SJISx64.o ./SonikFileSystems/SonikFileController_SJISx86.o ./SonikFileSystems/SonikFileController_UTF16x64.o ./SonikFileSystems/SonikFileController_UTF16x86.o ./SonikFileSystems/SonikFileController_UTF8x64.o ./SonikFileSystems/SonikFileController_UTF8x86.o ./SonikFileSystems/SonikFileController_x64.o ./SonikFileSystems/SonikFileController_x86.o ./SonikFileSystems/SonikFileSystems.o  ./SonikCAS/SonikAtomicLock.o  ./MultiMedia/SonikMM_AudioInfoImple.o ./MultiMedia/SonikMultiMediaInterface.o  ./MathBit/MathBit.o ./MathBit/SonikKeyFrameMath.o ./MathBit/SonikMathDistance.o ./MathBit/SonikMathStandard.o ./MathBit/SonikMathTrigonometric.o ./MathBit/SonikNormalize.o  ./DllAccess/SonikDllAccessManager.o ./DllAccess/SonikDllAccessManager_x64.o ./DllAccess/SonikDllLoader.o ./DllAccess/SonikDllLoader_x64.o  ./Audio/Functions/LoadFunction.o ./Audio/Functions/WaveBitConvert.o ./Audio/Functions/WriteFunction.o  ./Audio/Format/SonikAppleAiffFormat.o ./Audio/Format/SonikWindowsWaveFormat.o  ./.metadata/.plugins/org.eclipse.cdt.make.core/specs.o   
D:/Development/MSYS64/clang64/bin/ar.exe: warning: creating lib_Dx64_SonikLibraryAPI.a
Finished building target: lib_Dx64_SonikLibraryAPI.a
 
