23:25:11 **** ÉrÉãÉh of configuration Release for project SonikODBC ****
Info: Configuration "Release" uses tool-chain "MinGW GCC" that is unsupported on this system, attempting to build anyway.
make all 
Building file: ../SonikODBCBox_Imple.cpp
Invoking: GCC C++ Compiler
g++ -std=c++17 -D_WIN32 -D_RELEASE -D__cplusplus=201703L -I"D:\MyLibrary\include\DataBase" -O3 -Wall -c -fmessage-length=0 -MMD -MP -MF"SonikODBCBox_Imple.d" -MT"SonikODBCBox_Imple.o" -o "SonikODBCBox_Imple.o" "../SonikODBCBox_Imple.cpp"
Finished building: ../SonikODBCBox_Imple.cpp
 
Building file: ../SonikODBCCall.cpp
Invoking: GCC C++ Compiler
g++ -std=c++17 -D_WIN32 -D_RELEASE -D__cplusplus=201703L -I"D:\MyLibrary\include\DataBase" -O3 -Wall -c -fmessage-length=0 -MMD -MP -MF"SonikODBCCall.d" -MT"SonikODBCCall.o" -o "SonikODBCCall.o" "../SonikODBCCall.cpp"
Finished building: ../SonikODBCCall.cpp
 
Building file: ../SonikODBCConnectState.cpp
Invoking: GCC C++ Compiler
g++ -std=c++17 -D_WIN32 -D_RELEASE -D__cplusplus=201703L -I"D:\MyLibrary\include\DataBase" -O3 -Wall -c -fmessage-length=0 -MMD -MP -MF"SonikODBCConnectState.d" -MT"SonikODBCConnectState.o" -o "SonikODBCConnectState.o" "../SonikODBCConnectState.cpp"
Finished building: ../SonikODBCConnectState.cpp
 
Building file: ../SonikODBCController.cpp
Invoking: GCC C++ Compiler
g++ -std=c++17 -D_WIN32 -D_RELEASE -D__cplusplus=201703L -I"D:\MyLibrary\include\DataBase" -O3 -Wall -c -fmessage-length=0 -MMD -MP -MF"SonikODBCController.d" -MT"SonikODBCController.o" -o "SonikODBCController.o" "../SonikODBCController.cpp"
Finished building: ../SonikODBCController.cpp
 
Building file: ../SonikODBCManager_Imple.cpp
Invoking: GCC C++ Compiler
g++ -std=c++17 -D_WIN32 -D_RELEASE -D__cplusplus=201703L -I"D:\MyLibrary\include\DataBase" -O3 -Wall -c -fmessage-length=0 -MMD -MP -MF"SonikODBCManager_Imple.d" -MT"SonikODBCManager_Imple.o" -o "SonikODBCManager_Imple.o" "../SonikODBCManager_Imple.cpp"
Finished building: ../SonikODBCManager_Imple.cpp
 
Building target: lib_Rx86_SonikODBC.a
Invoking: GCC Archiver
ar -r  "lib_Rx86_SonikODBC.a"  ./SonikODBCBox_Imple.o ./SonikODBCCall.o ./SonikODBCConnectState.o ./SonikODBCController.o ./SonikODBCManager_Imple.o   
C:\Clang\mingw32\bin\ar.exe: lib_Rx86_SonikODBC.a ÇçÏê¨ÇµÇƒÇ¢Ç‹Ç∑
Finished building target: lib_Rx86_SonikODBC.a
 

23:25:16 Build Finished. 0 errors, 0 warnings. (åoâﬂ 5s.204ms)

